--------------------------------------------------------------------------------
Release 14.7 Trace  (nt)
Copyright (c) 1995-2013 Xilinx, Inc.  All rights reserved.

C:\Xilinx\14.7\ISE_DS\ISE\bin\nt\unwrapped\trce.exe -intstyle ise -v 3 -s 2 -n
3 -fastpaths -xml TOP.twx TOP.ncd -o TOP.twr TOP.pcf -ucf top.ucf

Design file:              TOP.ncd
Physical constraint file: TOP.pcf
Device,package,speed:     xc6slx9,tqg144,C,-2 (PRODUCTION 1.23 2013-10-13)
Report level:             verbose report

Environment Variable      Effect 
--------------------      ------ 
NONE                      No environment variables were set
--------------------------------------------------------------------------------

INFO:Timing:2698 - No timing constraints found, doing default enumeration.
INFO:Timing:3412 - To improve timing, see the Timing Closure User Guide (UG612).
INFO:Timing:2752 - To get complete path coverage, use the unconstrained paths 
   option. All paths that are not constrained will be reported in the 
   unconstrained paths section(s) of the report.
INFO:Timing:3339 - The clock-to-out numbers in this timing report are based on 
   a 50 Ohm transmission line loading model.  For the details of this model, 
   and for more information on accounting for different loading conditions, 
   please see the device datasheet.



Data Sheet report:
-----------------
All values displayed in nanoseconds (ns)

Setup/Hold to clock CLK_12MHZ
------------+------------+------------+------------+------------+------------------+--------+
            |Max Setup to|  Process   |Max Hold to |  Process   |                  | Clock  |
Source      | clk (edge) |   Corner   | clk (edge) |   Corner   |Internal Clock(s) | Phase  |
------------+------------+------------+------------+------------+------------------+--------+
RESET       |    6.369(R)|      SLOW  |   -2.366(R)|      FAST  |CLK_12MH_BUFG     |   0.000|
            |    2.762(R)|      SLOW  |   -0.578(R)|      FAST  |clk_1mh           |   0.000|
SLIDE_SW<0> |    3.301(R)|      SLOW  |   -1.340(R)|      FAST  |CLK_12MH_BUFG     |   0.000|
SLIDE_SW<1> |    2.523(R)|      SLOW  |   -0.944(R)|      FAST  |CLK_12MH_BUFG     |   0.000|
SLIDE_SW<2> |    2.708(R)|      SLOW  |   -0.795(R)|      FAST  |CLK_12MH_BUFG     |   0.000|
------------+------------+------------+------------+------------+------------------+--------+

Clock CLK_12MHZ to Pad
------------+-----------------+------------+-----------------+------------+------------------+--------+
            |Max (slowest) clk|  Process   |Min (fastest) clk|  Process   |                  | Clock  |
Destination |  (edge) to PAD  |   Corner   |  (edge) to PAD  |   Corner   |Internal Clock(s) | Phase  |
------------+-----------------+------------+-----------------+------------+------------------+--------+
CS_ADC      |        11.298(R)|      SLOW  |         4.697(R)|      FAST  |clk_1mh           |   0.000|
LED<0>      |         9.329(R)|      SLOW  |         3.776(R)|      FAST  |CLK_12MH_BUFG     |   0.000|
LED<1>      |         9.373(R)|      SLOW  |         3.824(R)|      FAST  |CLK_12MH_BUFG     |   0.000|
LED<2>      |         9.373(R)|      SLOW  |         3.798(R)|      FAST  |CLK_12MH_BUFG     |   0.000|
LED<3>      |         9.168(R)|      SLOW  |         3.695(R)|      FAST  |CLK_12MH_BUFG     |   0.000|
SCK         |        14.743(R)|      SLOW  |         6.134(R)|      FAST  |clk_1mh           |   0.000|
StepDrive<0>|        10.125(R)|      SLOW  |         4.255(R)|      FAST  |CLK_12MH_BUFG     |   0.000|
StepDrive<1>|         9.912(R)|      SLOW  |         4.146(R)|      FAST  |CLK_12MH_BUFG     |   0.000|
StepDrive<2>|         9.948(R)|      SLOW  |         4.189(R)|      FAST  |CLK_12MH_BUFG     |   0.000|
StepDrive<3>|         9.992(R)|      SLOW  |         4.206(R)|      FAST  |CLK_12MH_BUFG     |   0.000|
------------+-----------------+------------+-----------------+------------+------------------+--------+

Clock to Setup on destination clock CLK_12MHZ
---------------+---------+---------+---------+---------+
               | Src:Rise| Src:Fall| Src:Rise| Src:Fall|
Source Clock   |Dest:Rise|Dest:Rise|Dest:Fall|Dest:Fall|
---------------+---------+---------+---------+---------+
CLK_12MHZ      |    4.136|         |         |         |
---------------+---------+---------+---------+---------+

Pad to Pad
---------------+---------------+---------+
Source Pad     |Destination Pad|  Delay  |
---------------+---------------+---------+
RESET          |LED<7>         |   10.561|
SLIDE_SW<0>    |LED<4>         |   10.103|
SLIDE_SW<1>    |LED<5>         |    9.881|
SLIDE_SW<2>    |LED<6>         |    7.471|
---------------+---------------+---------+


Analysis completed Sun Mar 07 13:51:55 2021 
--------------------------------------------------------------------------------

Trace Settings:
-------------------------
Trace Settings 

Peak Memory Usage: 172 MB



